[debug] [2025-06-19T23:33:11.268Z] ----------------------------------------------------------------------
[debug] [2025-06-19T23:33:11.272Z] Command:       /usr/local/bin/node /usr/local/bin/firebase init
[debug] [2025-06-19T23:33:11.273Z] CLI Version:   14.7.0
[debug] [2025-06-19T23:33:11.273Z] Platform:      darwin
[debug] [2025-06-19T23:33:11.273Z] Node Version:  v22.16.0
[debug] [2025-06-19T23:33:11.273Z] Time:          Thu Jun 19 2025 18:33:11 GMT-0500 (Central Daylight Time)
[debug] [2025-06-19T23:33:11.273Z] ----------------------------------------------------------------------
[debug] 
[debug] [2025-06-19T23:33:11.280Z] > command requires scopes: ["email","openid","https://www.googleapis.com/auth/cloudplatformprojects.readonly","https://www.googleapis.com/auth/firebase","https://www.googleapis.com/auth/cloud-platform"]
[debug] [2025-06-19T23:33:11.281Z] > authorizing via signed-in user (cyberpunk196100@gmail.com)
[info] 
     ######## #### ########  ######## ########     ###     ######  ########
     ##        ##  ##     ## ##       ##     ##  ##   ##  ##       ##
     ######    ##  ########  ######   ########  #########  ######  ######
     ##        ##  ##    ##  ##       ##     ## ##     ##       ## ##
     ##       #### ##     ## ######## ########  ##     ##  ######  ########

You're about to initialize a Firebase project in this directory:

  /Users/mac/sneaker-site

[info] 
=== Project Setup
[info] 
[info] First, let's associate this project directory with a Firebase project.
[info] You can create multiple project aliases by running firebase use --add, 
[info] but for now we'll just set up a default project.
[info] 
